[2023-04-24 19:48:19.107] > Server listening on port 8000
[2023-04-24 19:48:20.404] > Connected to MongoDB
[2023-04-24 19:48:43.797] > POST /users/admin/login
[2023-04-24 19:48:43.957] > User logged in as Admin { id: 643ecf70711aa2faf69351b4, username: admin }
[2023-04-24 20:07:40.468] > POST /users/admin/login
[2023-04-24 20:07:40.587] > User logged in as Admin { id: 643ecf70711aa2faf69351b4, username: admin }
[2023-04-24 20:08:37.970] > POST /users/admin/login
[2023-04-24 20:08:38.178] > User logged in as Admin { id: 643ecf70711aa2faf69351b4, username: admin }
[2023-04-24 20:12:28.643] > POST /users/student/login
[2023-04-24 20:12:28.676] > Error caught in middleware: Student does not exist
[2023-04-24 20:19:13.488] > POST /users/student/login
[2023-04-24 20:19:13.580] > Error caught in middleware: Student does not exist
[2023-04-24 20:19:17.235] > POST /users/faculty/login
[2023-04-24 20:19:17.371] > Error caught in middleware: Faculty does not exist
[2023-04-24 20:19:24.386] > POST /users/admin/login
[2023-04-24 20:19:24.512] > User logged in as Admin { id: 643ecf70711aa2faf69351b4, username: admin }
[2023-04-24 21:35:19.568] > POST /users/student/login
[2023-04-24 21:35:19.603] > Error caught in middleware: Student does not exist
[2023-04-24 21:35:29.713] > POST /users/admin/login
[2023-04-24 21:35:29.814] > User logged in as Admin { id: 643ecf70711aa2faf69351b4, username: admin }
[2023-04-24 21:43:06.734] > POST /users/admin/login
[2023-04-24 21:43:06.840] > User logged in as Admin { id: 643ecf70711aa2faf69351b4, username: admin }
[2023-04-24 22:27:06.169] > POST /users/admin/login
[2023-04-24 22:27:06.307] > Error caught in middleware: Incorrect Credentials
[2023-04-24 22:27:14.201] > POST /users/admin/login
[2023-04-24 22:27:14.299] > User logged in as Admin { id: 643ecf70711aa2faf69351b4, username: admin }
[2023-04-24 22:35:15.139] > POST /users/admin/login
[2023-04-24 22:35:15.447] > Error caught in middleware: Incorrect Credentials
[2023-04-24 22:35:22.384] > POST /users/admin/login
[2023-04-24 22:35:22.481] > User logged in as Admin { id: 643ecf70711aa2faf69351b4, username: admin }
[2023-04-24 22:50:28.855] > POST /users/student/login
[2023-04-24 22:50:28.916] > Error caught in middleware: Student does not exist
[2023-04-24 22:53:19.226] > POST /users/admin/login
[2023-04-24 22:53:19.397] > User logged in as Admin { id: 643ecf70711aa2faf69351b4, username: admin }
[2023-04-24 23:07:55.539] > POST /users/admin/login
[2023-04-24 23:07:55.588] > Error caught in middleware: Incorrect Credentials
[2023-04-24 23:08:07.538] > POST /users/admin/login
[2023-04-24 23:08:07.752] > User logged in as Admin { id: 643ecf70711aa2faf69351b4, username: admin }
