[2023-04-25 12:51:33.669] > Server listening on port 8000
[2023-04-25 12:51:37.562] > GET /users/faculty/me
[2023-04-25 12:51:47.577] > Error caught in middleware: Not authorized
[2023-04-25 12:52:01.115] > Connected to MongoDB
[2023-04-25 12:52:16.006] > POST /users/admin/login
[2023-04-25 12:52:16.358] > User logged in as Admin { id: 643ecf70711aa2faf69351b4, username: admin }
[2023-04-25 12:52:26.277] > GET /users/faculty/all
[2023-04-25 12:52:26.414] > GET /users/faculty/all
[2023-04-25 12:52:41.295] > GET /users/faculty/all
[2023-04-25 12:52:41.665] > GET /users/faculty/all
[2023-04-25 12:53:20.358] > POST /users/faculty/register
[2023-04-25 12:53:20.791] > Faculty registered { id: 64477fe86625774486f388f5, username: testfaculty3 }
[2023-04-25 12:53:20.827] > GET /users/faculty/all
[2023-04-25 12:53:21.197] > GET /users/faculty/all
[2023-04-25 12:53:30.821] > GET /users/student/all
[2023-04-25 12:53:31.236] > GET /users/student/all
[2023-04-25 13:02:43.248] > POST /users/faculty/login
[2023-04-25 13:02:43.484] > User logged in as Faculty { id: 6447233b5bc94a414aa06be3, username: testfaculty2 }
[2023-04-25 13:02:43.519] > GET /users/faculty/me
[2023-04-25 13:02:43.827] > GET /users/faculty/me
[2023-04-25 13:02:43.837] > GET /users/faculty/class
[2023-04-25 13:02:44.445] > GET /users/faculty/class
[2023-04-25 13:03:12.968] > GET /users/faculty/class
[2023-04-25 13:03:13.251] > GET /users/faculty/class
[2023-04-25 13:03:34.761] > GET /users/faculty/class
[2023-04-25 13:03:35.045] > GET /users/faculty/class
[2023-04-25 13:03:46.936] > GET /users/faculty/class
[2023-04-25 13:03:46.940] > GET /users/faculty/class
[2023-04-25 13:03:57.657] > GET /users/faculty/class
[2023-04-25 13:03:57.660] > GET /users/faculty/class
[2023-04-25 13:04:40.747] > GET /users/faculty/me
[2023-04-25 13:04:41.801] > GET /users/faculty/me
[2023-04-25 13:04:41.810] > GET /users/faculty/class
[2023-04-25 13:04:42.419] > GET /users/faculty/class
[2023-04-25 13:04:49.312] > GET /users/faculty/class
[2023-04-25 13:04:50.509] > GET /users/faculty/class
[2023-04-25 13:05:24.701] > GET /users/faculty/me
[2023-04-25 13:05:24.836] > GET /users/faculty/me
[2023-04-25 13:05:24.847] > GET /users/faculty/class
[2023-04-25 13:05:25.186] > GET /users/faculty/class
[2023-04-25 13:05:50.742] > GET /users/faculty/class
[2023-04-25 13:05:51.238] > GET /users/faculty/class
[2023-04-25 13:05:59.241] > GET /users/faculty/class
[2023-04-25 13:05:59.483] > GET /users/faculty/class
