[2023-04-25 06:56:50.617] > Server listening on port 8000
[2023-04-25 06:56:51.812] > Connected to MongoDB
[2023-04-25 06:58:05.941] > POST /users/student/register
[2023-04-25 06:58:06.023] > Error caught in middleware: Incomplete information
[2023-04-25 06:58:06.061] > GET /users/student/all
[2023-04-25 06:58:06.224] > GET /users/student/all
[2023-04-25 07:01:21.002] > POST /users/student/register
[2023-04-25 07:01:21.034] > Error caught in middleware: Incomplete information
[2023-04-25 07:01:21.063] > GET /users/student/all
[2023-04-25 07:01:21.288] > GET /users/student/all
[2023-04-25 07:02:10.501] > GET /users/student/all
[2023-04-25 07:02:10.733] > GET /users/student/all
[2023-04-25 07:03:33.039] > GET /users/student/all
[2023-04-25 07:03:33.102] > GET /users/student/all
[2023-04-25 07:05:25.798] > POST /users/student/register
[2023-04-25 07:05:26.067] > Error caught in middleware: Student validation failed: ficialId: Path `ficialId` is required.
[2023-04-25 07:05:45.240] > GET /users/student/all
[2023-04-25 07:05:45.438] > GET /users/student/all
[2023-04-25 07:05:46.669] > GET /users/student/all
[2023-04-25 07:05:46.873] > GET /users/student/all
[2023-04-25 07:06:09.871] > GET /users/student/all
[2023-04-25 07:06:09.873] > GET /users/student/all
[2023-04-25 07:08:54.998] > POST /users/student/register
[2023-04-25 07:08:55.081] > Error caught in middleware: Incomplete information
[2023-04-25 07:08:55.107] > GET /users/student/all
[2023-04-25 07:08:55.284] > GET /users/student/all
[2023-04-25 07:10:49.389] > POST /users/student/register
[2023-04-25 07:10:49.647] > Error caught in middleware: Student validation failed: ficialId: Path `ficialId` is required.
[2023-04-25 07:10:49.678] > GET /users/student/all
[2023-04-25 07:10:49.882] > GET /users/student/all
[2023-04-25 07:10:53.584] > GET /users/student/all
[2023-04-25 07:10:53.586] > GET /users/student/all
