[2023-04-24 23:18:02.221] > Server listening on port 8000
[2023-04-24 23:18:05.615] > Connected to MongoDB
[2023-04-24 23:18:19.518] > POST /users/admin/login
[2023-04-24 23:18:19.726] > User logged in as Admin { id: 643ecf70711aa2faf69351b4, username: admin }
[2023-04-24 23:31:42.759] > GET /users/faculty/all
[2023-04-24 23:31:42.927] > GET /users/faculty/all
[2023-04-24 23:32:44.083] > GET /users/faculty/all
[2023-04-24 23:32:44.291] > GET /users/faculty/all
[2023-04-24 23:32:49.807] > GET /users/faculty/all
[2023-04-24 23:32:53.331] > GET /users/faculty/all
[2023-04-24 23:33:13.838] > GET /users/faculty/all
[2023-04-24 23:33:17.721] > GET /users/faculty/all
[2023-04-24 23:33:17.724] > GET /users/faculty/all
[2023-04-24 23:34:06.534] > GET /users/faculty/all
[2023-04-24 23:34:17.678] > GET /users/faculty/all
[2023-04-24 23:35:01.338] > POST /users/admin/login
[2023-04-24 23:35:01.481] > User logged in as Admin { id: 643ecf70711aa2faf69351b4, username: admin }
[2023-04-24 23:35:57.993] > GET /users/faculty/all
[2023-04-24 23:35:58.232] > GET /users/faculty/all
[2023-04-24 23:42:31.189] > POST /users/admin/login
[2023-04-24 23:42:31.297] > Error caught in middleware: Incorrect Credentials
[2023-04-24 23:42:35.143] > POST /users/admin/login
[2023-04-24 23:42:35.302] > User logged in as Admin { id: 643ecf70711aa2faf69351b4, username: admin }
[2023-04-24 23:42:48.350] > GET /users/faculty/all
[2023-04-24 23:42:48.536] > GET /users/faculty/all
[2023-04-24 23:43:39.314] > GET /users/faculty/all
[2023-04-24 23:43:39.379] > GET /users/faculty/all
[2023-04-24 23:43:56.145] > GET /users/student/all
[2023-04-24 23:43:56.324] > GET /users/student/all
[2023-04-24 23:44:01.019] > GET /users/student/all
[2023-04-24 23:48:56.062] > GET /users/student/all
[2023-04-24 23:49:01.373] > GET /users/student/all
[2023-04-24 23:49:01.571] > GET /users/student/all
[2023-04-24 23:49:08.410] > GET /users/student/all
[2023-04-24 23:49:08.735] > GET /users/student/all
[2023-04-24 23:49:11.030] > GET /users/student/all
[2023-04-24 23:50:06.033] > GET /users/student/all
[2023-04-24 23:50:07.184] > GET /users/student/all
[2023-04-24 23:50:07.186] > GET /users/student/all
[2023-04-24 23:50:16.592] > GET /users/student/all
[2023-04-24 23:50:19.646] > GET /users/student/all
[2023-04-24 23:50:22.501] > GET /users/student/all
[2023-04-24 23:50:31.933] > GET /users/student/all
[2023-04-24 23:50:33.067] > GET /users/student/all
[2023-04-24 23:50:33.070] > GET /users/student/all
[2023-04-24 23:50:36.486] > GET /users/student/all
[2023-04-24 23:50:37.575] > GET /users/student/all
[2023-04-24 23:50:37.578] > GET /users/student/all
[2023-04-24 23:51:25.979] > GET /users/student/all
[2023-04-24 23:51:31.978] > GET /users/student/all
[2023-04-24 23:51:37.985] > GET /users/student/all
[2023-04-24 23:51:49.982] > GET /users/student/all
[2023-04-24 23:52:16.924] > GET /users/faculty/all
[2023-04-24 23:52:17.249] > GET /users/faculty/all
[2023-04-24 23:52:21.504] > GET /users/student/all
[2023-04-24 23:52:21.653] > GET /users/student/all
[2023-04-24 23:52:23.346] > GET /users/faculty/all
[2023-04-24 23:52:23.495] > GET /users/faculty/all
[2023-04-24 23:55:17.932] > GET /users/faculty/all
[2023-04-24 23:55:18.470] > GET /users/faculty/all
[2023-04-25 00:02:47.831] > GET /class/all
[2023-04-25 00:02:47.893] > GET /class/all
[2023-04-25 00:02:50.626] > GET /users/student/all
[2023-04-25 00:02:50.781] > GET /users/student/all
[2023-04-25 00:02:52.267] > GET /users/faculty/all
[2023-04-25 00:02:52.420] > GET /users/faculty/all
[2023-04-25 00:08:06.414] > GET /users/student/all
[2023-04-25 00:08:06.576] > GET /users/student/all
[2023-04-25 00:08:07.669] > GET /users/student/all
[2023-04-25 00:08:07.672] > GET /users/student/all
[2023-04-25 00:09:01.979] > GET /users/student/all
[2023-04-25 00:09:04.982] > GET /users/student/all
[2023-04-25 00:09:04.985] > GET /users/student/all
[2023-04-25 00:09:20.142] > GET /users/student/all
[2023-04-25 00:09:23.804] > GET /users/student/all
[2023-04-25 00:10:21.974] > GET /users/student/all
[2023-04-25 00:10:40.981] > GET /users/student/all
[2023-04-25 00:10:44.976] > GET /users/student/all
[2023-04-25 00:10:46.935] > GET /users/student/all
[2023-04-25 00:10:46.938] > GET /users/student/all
[2023-04-25 00:10:55.919] > GET /users/student/all
[2023-04-25 00:16:42.562] > GET /users/student/all
[2023-04-25 00:16:42.564] > GET /users/student/all
[2023-04-25 00:16:48.559] > GET /users/student/all
[2023-04-25 00:17:06.124] > GET /users/student/all
[2023-04-25 00:17:06.998] > GET /users/student/all
[2023-04-25 00:17:56.972] > GET /users/student/all
[2023-04-25 00:18:34.973] > GET /users/student/all
[2023-04-25 00:18:42.972] > GET /users/student/all
[2023-04-25 00:19:28.972] > GET /users/student/all
[2023-04-25 00:19:29.975] > GET /users/student/all
[2023-04-25 00:19:35.973] > GET /users/student/all
[2023-04-25 00:19:38.970] > GET /users/student/all
[2023-04-25 00:29:11.980] > GET /users/student/all
[2023-04-25 00:29:16.974] > GET /users/student/all
[2023-04-25 00:38:46.894] > POST /users/admin/login
[2023-04-25 00:38:46.992] > User logged in as Admin { id: 643ecf70711aa2faf69351b4, username: admin }
[2023-04-25 00:38:49.380] > GET /class/all
[2023-04-25 00:38:49.473] > GET /class/all
[2023-04-25 00:39:40.122] > GET /users/student/all
[2023-04-25 00:39:40.265] > GET /users/student/all
[2023-04-25 00:39:43.349] > GET /users/faculty/all
[2023-04-25 00:39:43.480] > GET /users/faculty/all
[2023-04-25 01:01:51.793] > GET /users/faculty/all
