[2023-04-25 10:51:43.966] > Server listening on port 8000
[2023-04-25 10:52:02.974] > Connected to MongoDB
[2023-04-25 10:52:05.076] > GET /users/faculty/me
[2023-04-25 10:52:05.089] > GET /users/faculty/me
[2023-04-25 10:52:05.350] > GET /users/faculty/class
[2023-04-25 10:52:05.759] > GET /users/faculty/class
[2023-04-25 10:52:28.763] > GET /users/faculty/me
[2023-04-25 10:52:29.189] > GET /users/faculty/me
[2023-04-25 10:52:29.204] > GET /users/faculty/class
[2023-04-25 10:52:29.599] > GET /users/faculty/class
[2023-04-25 10:52:31.172] > GET /users/faculty/me
[2023-04-25 10:52:31.656] > GET /users/faculty/class
[2023-04-25 10:52:43.104] > GET /users/faculty/me
[2023-04-25 10:52:43.324] > GET /users/faculty/me
[2023-04-25 10:52:43.336] > GET /users/faculty/class
[2023-04-25 10:52:43.945] > GET /users/faculty/class
[2023-04-25 10:52:44.915] > GET /users/faculty/me
[2023-04-25 10:52:44.918] > GET /users/faculty/me
[2023-04-25 10:52:45.329] > GET /users/faculty/class
[2023-04-25 10:52:45.764] > GET /users/faculty/class
[2023-04-25 10:53:09.453] > GET /users/faculty/me
[2023-04-25 10:53:09.754] > GET /users/faculty/class
[2023-04-25 10:53:10.947] > GET /users/faculty/me
[2023-04-25 10:53:10.950] > GET /users/faculty/me
[2023-04-25 10:53:11.574] > GET /users/faculty/class
[2023-04-25 10:53:12.276] > GET /users/faculty/class
[2023-04-25 10:53:19.215] > GET /users/faculty/me
[2023-04-25 10:53:19.584] > GET /users/faculty/class
[2023-04-25 10:54:02.216] > GET /users/faculty/me
[2023-04-25 10:54:02.401] > GET /users/faculty/me
[2023-04-25 10:54:02.416] > GET /users/faculty/class
[2023-04-25 10:54:02.615] > GET /users/faculty/class
[2023-04-25 10:54:37.090] > GET /users/faculty/me
[2023-04-25 10:54:37.427] > GET /users/faculty/class
[2023-04-25 10:55:01.893] > GET /users/faculty/me
[2023-04-25 10:55:02.212] > GET /users/faculty/class
[2023-04-25 10:55:05.873] > GET /users/faculty/me
[2023-04-25 10:55:06.155] > GET /users/faculty/class
[2023-04-25 10:55:09.997] > GET /users/faculty/me
[2023-04-25 10:55:10.402] > GET /users/faculty/class
[2023-04-25 10:55:15.628] > GET /users/faculty/me
[2023-04-25 10:55:15.924] > GET /users/faculty/class
[2023-04-25 10:55:19.667] > GET /users/faculty/me
[2023-04-25 10:55:20.036] > GET /users/faculty/class
[2023-04-25 10:55:21.878] > GET /users/faculty/me
[2023-04-25 10:55:22.173] > GET /users/faculty/class
[2023-04-25 10:55:24.698] > GET /users/faculty/me
[2023-04-25 10:55:25.864] > GET /users/faculty/class
[2023-04-25 10:55:32.903] > GET /users/faculty/me
[2023-04-25 10:55:33.659] > GET /users/faculty/class
[2023-04-25 10:55:50.255] > GET /users/faculty/me
[2023-04-25 10:55:50.712] > GET /users/faculty/class
[2023-04-25 10:56:17.983] > GET /users/faculty/me
[2023-04-25 10:56:18.324] > GET /users/faculty/class
[2023-04-25 11:04:27.232] > POST /users/admin/login
[2023-04-25 11:04:27.685] > User logged in as Admin { id: 643ecf70711aa2faf69351b4, username: admin }
[2023-04-25 11:04:40.708] > GET /users/student/all
[2023-04-25 11:04:41.013] > GET /users/student/all
[2023-04-25 11:04:48.649] > POST /users/faculty/login
[2023-04-25 11:04:48.964] > User logged in as Faculty { id: 6447233b5bc94a414aa06be3, username: testfaculty2 }
[2023-04-25 11:04:49.001] > GET /users/faculty/me
[2023-04-25 11:04:49.408] > GET /users/faculty/me
[2023-04-25 11:04:49.421] > GET /users/faculty/class
[2023-04-25 11:04:50.033] > GET /users/faculty/class
[2023-04-25 11:07:41.547] > GET /users/faculty/class
[2023-04-25 11:07:48.739] > GET /users/faculty/class
[2023-04-25 11:07:52.158] > GET /users/faculty/class
[2023-04-25 11:08:00.049] > GET /users/faculty/class
[2023-04-25 11:11:01.304] > GET /users/faculty/class
[2023-04-25 11:11:02.296] > GET /users/faculty/class
[2023-04-25 11:11:21.303] > GET /users/faculty/class
[2023-04-25 11:13:45.743] > GET /users/faculty/class
[2023-04-25 11:13:46.304] > GET /users/faculty/class
